<?xml version="1.0" encoding="UTF-8"?>
<!-- Generated by org.testng.reporters.JUnitXMLReporter -->
<testsuite ignored="3" hostname="DESKTOP-2D3BIIR" failures="0" tests="6" name="Smoke Test" time="0.056" errors="0" timestamp="2022-05-19T13:34:21 IST">
  <testcase classname="GroupingPractice.Testcase1" name="test1" time="0.003"/>
  <testcase classname="GroupingPractice.Testcase1" name="test3" time="0.001"/>
  <testcase classname="GroupingPractice.Testcase2" name="test4" time="0.001"/>
  <testcase classname="GroupingPractice.Testcase2" name="test6" time="0.001"/>
  <testcase classname="GroupingPractice.Testcase3" name="test7" time="0.002"/>
  <testcase classname="GroupingPractice.Testcase3" name="test9" time="0.001"/>
  <testcase classname="GroupingPractice.Testcase1" name="test2" time="0.0">
    <ignored/>
  </testcase> <!-- test2 -->
  <testcase classname="GroupingPractice.Testcase2" name="test5" time="0.0">
    <ignored/>
  </testcase> <!-- test5 -->
  <testcase classname="GroupingPractice.Testcase3" name="test8" time="0.0">
    <ignored/>
  </testcase> <!-- test8 -->
</testsuite> <!-- Smoke Test -->
