<?xml version="1.0" encoding="UTF-8"?>
<!-- Generated by org.testng.reporters.JUnitXMLReporter -->
<testsuite ignored="6" hostname="DESKTOP-2D3BIIR" failures="0" tests="3" name="functional Test" time="0.047" errors="0" timestamp="2022-05-08T21:13:58 IST">
  <testcase classname="GroupingPractice.Testcase1" name="test2" time="0.005"/>
  <testcase classname="GroupingPractice.Testcase2" name="test5" time="0.001"/>
  <testcase classname="GroupingPractice.Testcase3" name="test8" time="0.001"/>
  <testcase classname="GroupingPractice.Testcase1" name="test1" time="0.0">
    <ignored/>
  </testcase> <!-- test1 -->
  <testcase classname="GroupingPractice.Testcase1" name="test3" time="0.0">
    <ignored/>
  </testcase> <!-- test3 -->
  <testcase classname="GroupingPractice.Testcase2" name="test6" time="0.0">
    <ignored/>
  </testcase> <!-- test6 -->
  <testcase classname="GroupingPractice.Testcase3" name="test7" time="0.0">
    <ignored/>
  </testcase> <!-- test7 -->
  <testcase classname="GroupingPractice.Testcase2" name="test4" time="0.0">
    <ignored/>
  </testcase> <!-- test4 -->
  <testcase classname="GroupingPractice.Testcase3" name="test9" time="0.0">
    <ignored/>
  </testcase> <!-- test9 -->
</testsuite> <!-- functional Test -->
