<?xml version="1.0" encoding="UTF-8"?>
<!-- Generated by org.testng.reporters.JUnitXMLReporter -->
<testsuite ignored="0" hostname="DESKTOP-2D3BIIR" failures="0" tests="6" name="ChromebrowserTest" time="9.976" errors="0" timestamp="2022-05-19T09:45:33 IST">
  <testcase classname="Parameterisation.AllBrowserTesting" name="CrossbrowserTesting" time="9.303"/>
  <testcase classname="Parameterisation.AllBrowserTesting" name="verifyCurrentUrl" time="0.042"/>
  <testcase classname="Parameterisation.AllBrowserTesting" name="verifyPageTitle" time="0.02"/>
  <testcase classname="Parameterisation.AllBrowserTesting" name="verifyUsernameField" time="0.212"/>
  <testcase classname="Parameterisation.AllBrowserTesting" name="verifyPasswordeField" time="0.197"/>
  <testcase classname="Parameterisation.AllBrowserTesting" name="ClickLoginButton" time="0.11"/>
</testsuite> <!-- ChromebrowserTest -->
