<?xml version="1.0" encoding="UTF-8"?>
<!-- Generated by org.testng.reporters.JUnitXMLReporter -->
<testsuite ignored="0" hostname="DESKTOP-2D3BIIR" failures="0" tests="9" name="End To End Test" time="0.06" errors="0" timestamp="2022-05-15T17:01:27 IST">
  <testcase classname="GroupingPractice.Testcase1" name="test1" time="0.003"/>
  <testcase classname="GroupingPractice.Testcase1" name="test2" time="0.0"/>
  <testcase classname="GroupingPractice.Testcase1" name="test3" time="0.001"/>
  <testcase classname="GroupingPractice.Testcase2" name="test4" time="0.0"/>
  <testcase classname="GroupingPractice.Testcase2" name="test5" time="0.001"/>
  <testcase classname="GroupingPractice.Testcase2" name="test6" time="0.001"/>
  <testcase classname="GroupingPractice.Testcase3" name="test7" time="0.0"/>
  <testcase classname="GroupingPractice.Testcase3" name="test8" time="0.001"/>
  <testcase classname="GroupingPractice.Testcase3" name="test9" time="0.001"/>
</testsuite> <!-- End To End Test -->
