<?xml version="1.0" encoding="UTF-8"?>
<!-- Generated by org.testng.reporters.JUnitXMLReporter -->
<testsuite ignored="0" hostname="DESKTOP-2D3BIIR" failures="0" tests="6" name="parallel Test" time="4.439" errors="0" timestamp="2022-05-19T15:53:18 IST">
  <testcase classname="Parameterisation.AllBrowserTesting" name="CrossbrowserTesting" time="4.151"/>
  <testcase classname="Parameterisation.AllBrowserTesting" name="verifyCurrentUrl" time="0.016"/>
  <testcase classname="Parameterisation.AllBrowserTesting" name="verifyPageTitle" time="0.011"/>
  <testcase classname="Parameterisation.AllBrowserTesting" name="verifyUsernameField" time="0.102"/>
  <testcase classname="Parameterisation.AllBrowserTesting" name="verifyPasswordeField" time="0.069"/>
  <testcase classname="Parameterisation.AllBrowserTesting" name="ClickLoginButton" time="0.048"/>
</testsuite> <!-- parallel Test -->
