<?xml version="1.0" encoding="UTF-8"?>
<!-- Generated by org.testng.reporters.JUnitXMLReporter -->
<testsuite ignored="0" hostname="DESKTOP-2D3BIIR" failures="0" tests="5" name="Test" time="46.686" errors="0" timestamp="2022-05-12T16:19:19 IST">
  <testcase classname="KeywordPractice.InvocationCountWithThreadpoolSize" name="openbrowser" time="15.761"/>
  <testcase classname="KeywordPractice.InvocationCountWithThreadpoolSize" name="openbrowser" time="36.759"/>
  <testcase classname="KeywordPractice.InvocationCountWithThreadpoolSize" name="openbrowser" time="43.693"/>
  <testcase classname="KeywordPractice.InvocationCountWithThreadpoolSize" name="openbrowser" time="45.062"/>
  <testcase classname="KeywordPractice.InvocationCountWithThreadpoolSize" name="openbrowser" time="46.648"/>
</testsuite> <!-- Test -->
