<?xml version="1.0" encoding="UTF-8"?>
<!-- Generated by org.testng.reporters.JUnitXMLReporter -->
<testsuite ignored="0" hostname="DESKTOP-2D3BIIR" failures="0" tests="4" name="functional tests" time="0.059" errors="0" timestamp="2022-05-04T15:22:57 IST">
  <testcase classname="AnnotationBasics.Class1" name="m1" time="0.004"/>
  <testcase classname="AnnotationBasics.Class1" name="m2" time="0.002"/>
  <testcase classname="AnnotationBasics.Class2" name="m3" time="0.001"/>
  <testcase classname="AnnotationBasics.Class2" name="m4" time="0.0"/>
</testsuite> <!-- functional tests -->
